  imgui.cpp
  imgui_demo.cpp
  imgui_draw.cpp
  imgui_impl_glfw.cpp
  imgui_impl_opengl3.cpp
  imgui_widgets.cpp
  Application.cpp
C:\Users\철짜\Desktop\ChulJJA\teamHackgo\DoubleCheck\Engine\Application.cpp(140,20): warning C4805: '==': unsafe mix of type 'int' and type 'bool' in operation
  BitmapFont.cpp
C:\Users\철짜\Desktop\ChulJJA\teamHackgo\DoubleCheck\Engine\Application.cpp(230,20): warning C4018: '<': signed/unsigned mismatch
  Camera.cpp
  CameraView.cpp
  Color.cpp
  Component_Collision.cpp
C:\Users\철짜\Desktop\ChulJJA\teamHackgo\DoubleCheck\Engine\BitmapFont.cpp(126,5): warning C4018: '<=': signed/unsigned mismatch
C:\Users\철짜\Desktop\ChulJJA\teamHackgo\DoubleCheck\Engine\Component_Collision.cpp(13,15): warning C4244: 'initializing': conversion from 'double' to 'float', possible loss of data
  Component_Enemy.cpp
  Component_Hpbar.cpp
  Component_Item.cpp
C:\Users\철짜\Desktop\ChulJJA\teamHackgo\DoubleCheck\Engine\Component_Collision.cpp(20,15): warning C4244: 'initializing': conversion from 'double' to 'float', possible loss of data
  Component_Player.cpp
  Component_Sprite.cpp
C:\Users\철짜\Desktop\ChulJJA\teamHackgo\DoubleCheck\Engine\Component_Item.cpp(12,12): warning C4244: 'argument': conversion from 'time_t' to 'unsigned int', possible loss of data
C:\Users\철짜\Desktop\ChulJJA\teamHackgo\DoubleCheck\Engine\Component_Sprite.cpp(17,20): warning C4018: '<=': signed/unsigned mismatch
C:\Users\철짜\Desktop\ChulJJA\teamHackgo\DoubleCheck\Engine\Component_Sprite.cpp(39,20): warning C4018: '<=': signed/unsigned mismatch
  Component_Text.cpp
  Component_TopDownMovement.cpp
  Component_Transform.cpp
  Compiling...
  Damage.cpp
  Engine.cpp
C:\Users\철짜\Desktop\ChulJJA\teamHackgo\DoubleCheck\Engine\Component_Sprite.cpp(213,17): warning C4244: 'initializing': conversion from 'float' to 'uint32_t', possible loss of data
C:\Program Files (x86)\Windows Kits\10\Include\10.0.18362.0\shared\minwindef.h(130,1): warning C4005: 'APIENTRY': macro redefinition
C:\Users\철짜\Desktop\ChulJJA\teamHackgo\DoubleCheck\external\glfw\include\GLFW\glfw3.h(104): message : see previous definition of 'APIENTRY'
  GL.cpp
  Graphic.cpp
C:\Users\철짜\Desktop\ChulJJA\teamHackgo\DoubleCheck\Engine\Engine.cpp(90,37): warning C4244: '=': conversion from 'double' to 'float', possible loss of data
  Image.cpp
  Input.cpp
C:\Users\철짜\Desktop\ChulJJA\teamHackgo\DoubleCheck\Engine\Graphic.cpp(32,43): warning C4305: 'argument': truncation from 'double' to 'GLclampf'
C:\Users\철짜\Desktop\ChulJJA\teamHackgo\DoubleCheck\Engine\Input.cpp(149,24): warning C4244: '=': conversion from 'double' to 'float', possible loss of data
  Mesh.cpp
C:\Users\철짜\Desktop\ChulJJA\teamHackgo\DoubleCheck\Engine\Input.cpp(150,32): warning C4244: '=': conversion from 'double' to 'float', possible loss of data
  Message.cpp
  Messagebox.cpp
  Message_Mananger.cpp
C:\Users\철짜\Desktop\ChulJJA\teamHackgo\DoubleCheck\Engine\Mesh.cpp(37,27): warning C4018: '<=': signed/unsigned mismatch
  Object.cpp
  ObjectManager.cpp
  Object_Component_Info.cpp
  Physics.cpp
C:\Users\철짜\Desktop\ChulJJA\teamHackgo\DoubleCheck\Engine\Message_Mananger.cpp(28,27): warning C4018: '<': signed/unsigned mismatch
C:\Users\철짜\Desktop\ChulJJA\teamHackgo\DoubleCheck\Engine\Physics.cpp(593,73): warning C4244: '=': conversion from 'float' to 'int', possible loss of data
C:\Users\철짜\Desktop\ChulJJA\teamHackgo\DoubleCheck\Engine\Physics.cpp(769,31): warning C4305: 'argument': truncation from 'double' to 'float'
C:\Users\철짜\Desktop\ChulJJA\teamHackgo\DoubleCheck\Engine\Physics.cpp(783,31): warning C4305: 'argument': truncation from 'double' to 'float'
C:\Users\철짜\Desktop\ChulJJA\teamHackgo\DoubleCheck\Engine\Physics.cpp(797,31): warning C4305: 'argument': truncation from 'double' to 'float'
  Player_UI.cpp
  Referee.cpp
  Shader.cpp
  Sound_Manager.cpp
  StateManager.cpp
  Text.cpp
C:\Users\철짜\Desktop\ChulJJA\teamHackgo\DoubleCheck\Engine\Physics.cpp(811,31): warning C4305: 'argument': truncation from 'double' to 'float'
C:\Users\철짜\Desktop\ChulJJA\teamHackgo\DoubleCheck\Engine\Text.cpp(20,20): warning C4018: '<': signed/unsigned mismatch
C:\Users\철짜\Desktop\ChulJJA\teamHackgo\DoubleCheck\Engine\Text.cpp(86,16): warning C4244: 'initializing': conversion from '_Ty1' to 'float', possible loss of data
C:\Users\철짜\Desktop\ChulJJA\teamHackgo\DoubleCheck\Engine\Text.cpp(86,16): warning C4244:         with
C:\Users\철짜\Desktop\ChulJJA\teamHackgo\DoubleCheck\Engine\Text.cpp(86,16): warning C4244:         [
C:\Users\철짜\Desktop\ChulJJA\teamHackgo\DoubleCheck\Engine\Text.cpp(86,16): warning C4244:             _Ty1=int
C:\Users\철짜\Desktop\ChulJJA\teamHackgo\DoubleCheck\Engine\Text.cpp(86,16): warning C4244:         ]
C:\Users\철짜\Desktop\ChulJJA\teamHackgo\DoubleCheck\Engine\Text.cpp(87,18): warning C4244: 'initializing': conversion from '_Ty2' to 'float', possible loss of data
C:\Users\철짜\Desktop\ChulJJA\teamHackgo\DoubleCheck\Engine\Text.cpp(87,18): warning C4244:         with
C:\Users\철짜\Desktop\ChulJJA\teamHackgo\DoubleCheck\Engine\Text.cpp(87,18): warning C4244:         [
C:\Users\철짜\Desktop\ChulJJA\teamHackgo\DoubleCheck\Engine\Text.cpp(87,18): warning C4244:             _Ty2=int
C:\Users\철짜\Desktop\ChulJJA\teamHackgo\DoubleCheck\Engine\Text.cpp(87,18): warning C4244:         ]
C:\Users\철짜\Desktop\ChulJJA\teamHackgo\DoubleCheck\Engine\Text.cpp(127,20): warning C4244: '=': conversion from 'float' to '_Ty1', possible loss of data
C:\Users\철짜\Desktop\ChulJJA\teamHackgo\DoubleCheck\Engine\Text.cpp(127,20): warning C4244:         with
C:\Users\철짜\Desktop\ChulJJA\teamHackgo\DoubleCheck\Engine\Text.cpp(127,20): warning C4244:         [
C:\Users\철짜\Desktop\ChulJJA\teamHackgo\DoubleCheck\Engine\Text.cpp(127,20): warning C4244:             _Ty1=int
C:\Users\철짜\Desktop\ChulJJA\teamHackgo\DoubleCheck\Engine\Text.cpp(127,20): warning C4244:         ]
C:\Program Files (x86)\Microsoft Visual Studio\2019\Community\VC\Tools\MSVC\14.23.28105\include\utility(127,16): warning C4244: 'initializing': conversion from '_Ty' to '_Ty1', possible loss of data
C:\Program Files (x86)\Microsoft Visual Studio\2019\Community\VC\Tools\MSVC\14.23.28105\include\utility(127,16): warning C4244:         with
C:\Program Files (x86)\Microsoft Visual Studio\2019\Community\VC\Tools\MSVC\14.23.28105\include\utility(127,16): warning C4244:         [
C:\Program Files (x86)\Microsoft Visual Studio\2019\Community\VC\Tools\MSVC\14.23.28105\include\utility(127,16): warning C4244:             _Ty=float
C:\Program Files (x86)\Microsoft Visual Studio\2019\Community\VC\Tools\MSVC\14.23.28105\include\utility(127,16): warning C4244:         ]
C:\Program Files (x86)\Microsoft Visual Studio\2019\Community\VC\Tools\MSVC\14.23.28105\include\utility(127,16): warning C4244:         and
C:\Program Files (x86)\Microsoft Visual Studio\2019\Community\VC\Tools\MSVC\14.23.28105\include\utility(127,16): warning C4244:         [
C:\Program Files (x86)\Microsoft Visual Studio\2019\Community\VC\Tools\MSVC\14.23.28105\include\utility(127,16): warning C4244:             _Ty1=int
C:\Program Files (x86)\Microsoft Visual Studio\2019\Community\VC\Tools\MSVC\14.23.28105\include\utility(127,16): warning C4244:         ]
C:\Users\철짜\Desktop\ChulJJA\teamHackgo\DoubleCheck\Engine\Text.cpp(78): message : see reference to function template instantiation 'std::pair<int,int>::pair<float,float,0>(_Other1 &&,_Other2 &&) noexcept' being compiled
C:\Users\철짜\Desktop\ChulJJA\teamHackgo\DoubleCheck\Engine\Text.cpp(78): message :         with
C:\Users\철짜\Desktop\ChulJJA\teamHackgo\DoubleCheck\Engine\Text.cpp(78): message :         [
C:\Users\철짜\Desktop\ChulJJA\teamHackgo\DoubleCheck\Engine\Text.cpp(78): message :             _Other1=float,
C:\Users\철짜\Desktop\ChulJJA\teamHackgo\DoubleCheck\Engine\Text.cpp(78): message :             _Other2=float
C:\Users\철짜\Desktop\ChulJJA\teamHackgo\DoubleCheck\Engine\Text.cpp(78): message :         ]
C:\Users\철짜\Desktop\ChulJJA\teamHackgo\DoubleCheck\Engine\Text.cpp(78): message : see reference to function template instantiation 'std::pair<int,int>::pair<float,float,0>(_Other1 &&,_Other2 &&) noexcept' being compiled
C:\Users\철짜\Desktop\ChulJJA\teamHackgo\DoubleCheck\Engine\Text.cpp(78): message :         with
C:\Users\철짜\Desktop\ChulJJA\teamHackgo\DoubleCheck\Engine\Text.cpp(78): message :         [
C:\Users\철짜\Desktop\ChulJJA\teamHackgo\DoubleCheck\Engine\Text.cpp(78): message :             _Other1=float,
C:\Users\철짜\Desktop\ChulJJA\teamHackgo\DoubleCheck\Engine\Text.cpp(78): message :             _Other2=float
C:\Users\철짜\Desktop\ChulJJA\teamHackgo\DoubleCheck\Engine\Text.cpp(78): message :         ]
C:\Program Files (x86)\Microsoft Visual Studio\2019\Community\VC\Tools\MSVC\14.23.28105\include\filesystem(2091): message : see reference to class template instantiation 'std::chrono::time_point<std::filesystem::_File_time_clock,std::filesystem::_File_time_clock::duration>' being compiled
C:\Program Files (x86)\Microsoft Visual Studio\2019\Community\VC\Tools\MSVC\14.23.28105\include\xstring(1764): message : see reference to class template instantiation 'std::basic_string_view<wchar_t,std::char_traits<wchar_t>>' being compiled
  Compiling...
  Texture.cpp
  Transform.cpp
  VertexLayoutDescription.cpp
C:\Program Files (x86)\Microsoft Visual Studio\2019\Community\VC\Tools\MSVC\14.23.28105\include\utility(127,1): warning C4244: 'initializing': conversion from '_Ty' to '_Ty2', possible loss of data
C:\Program Files (x86)\Microsoft Visual Studio\2019\Community\VC\Tools\MSVC\14.23.28105\include\utility(127,1): warning C4244:         with
C:\Program Files (x86)\Microsoft Visual Studio\2019\Community\VC\Tools\MSVC\14.23.28105\include\utility(127,1): warning C4244:         [
C:\Program Files (x86)\Microsoft Visual Studio\2019\Community\VC\Tools\MSVC\14.23.28105\include\utility(127,1): warning C4244:             _Ty=float
C:\Program Files (x86)\Microsoft Visual Studio\2019\Community\VC\Tools\MSVC\14.23.28105\include\utility(127,1): warning C4244:         ]
C:\Program Files (x86)\Microsoft Visual Studio\2019\Community\VC\Tools\MSVC\14.23.28105\include\utility(127,1): warning C4244:         and
C:\Program Files (x86)\Microsoft Visual Studio\2019\Community\VC\Tools\MSVC\14.23.28105\include\utility(127,1): warning C4244:         [
C:\Program Files (x86)\Microsoft Visual Studio\2019\Community\VC\Tools\MSVC\14.23.28105\include\utility(127,1): warning C4244:             _Ty2=int
C:\Program Files (x86)\Microsoft Visual Studio\2019\Community\VC\Tools\MSVC\14.23.28105\include\utility(127,1): warning C4244:         ]
  Vertices.cpp
C:\Users\철짜\Desktop\ChulJJA\teamHackgo\DoubleCheck\Engine\VertexLayoutDescription.cpp(48,23): warning C4018: '<': signed/unsigned mismatch
C:\Users\철짜\Desktop\ChulJJA\teamHackgo\DoubleCheck\Engine\Vertices.cpp(97,30): warning C4018: '<': signed/unsigned mismatch
C:\Users\철짜\Desktop\ChulJJA\teamHackgo\DoubleCheck\Engine\Vertices.cpp(145,23): warning C4018: '<': signed/unsigned mismatch
  View.cpp
C:\Users\철짜\Desktop\ChulJJA\teamHackgo\DoubleCheck\Engine\Vertices.cpp(147,27): warning C4018: '<': signed/unsigned mismatch
C:\Program Files (x86)\Microsoft Visual Studio\2019\Community\VC\Tools\MSVC\14.23.28105\include\algorithm(3376,33): warning C4244: 'argument': conversion from 'float' to 'int', possible loss of data
C:\Program Files (x86)\Microsoft Visual Studio\2019\Community\VC\Tools\MSVC\14.23.28105\include\algorithm(3440): message : see reference to function template instantiation 'std::pair<_RanIt,_RanIt> std::_Partition_by_median_guess_unchecked<_RanIt,bool(__cdecl *)(int,int)>(_RanIt,_RanIt,_Pr)' being compiled
C:\Program Files (x86)\Microsoft Visual Studio\2019\Community\VC\Tools\MSVC\14.23.28105\include\algorithm(3440): message :         with
C:\Program Files (x86)\Microsoft Visual Studio\2019\Community\VC\Tools\MSVC\14.23.28105\include\algorithm(3440): message :         [
C:\Program Files (x86)\Microsoft Visual Studio\2019\Community\VC\Tools\MSVC\14.23.28105\include\algorithm(3440): message :             _RanIt=float *,
C:\Program Files (x86)\Microsoft Visual Studio\2019\Community\VC\Tools\MSVC\14.23.28105\include\algorithm(3440): message :             _Pr=bool (__cdecl *)(int,int)
C:\Program Files (x86)\Microsoft Visual Studio\2019\Community\VC\Tools\MSVC\14.23.28105\include\algorithm(3440): message :         ]
C:\Program Files (x86)\Microsoft Visual Studio\2019\Community\VC\Tools\MSVC\14.23.28105\include\algorithm(3466): message : see reference to function template instantiation 'void std::_Sort_unchecked<float*,bool(__cdecl *)(int,int)>(_RanIt,_RanIt,int,_Pr)' being compiled
C:\Program Files (x86)\Microsoft Visual Studio\2019\Community\VC\Tools\MSVC\14.23.28105\include\algorithm(3466): message :         with
C:\Program Files (x86)\Microsoft Visual Studio\2019\Community\VC\Tools\MSVC\14.23.28105\include\algorithm(3466): message :         [
C:\Program Files (x86)\Microsoft Visual Studio\2019\Community\VC\Tools\MSVC\14.23.28105\include\algorithm(3466): message :             _RanIt=float *,
C:\Program Files (x86)\Microsoft Visual Studio\2019\Community\VC\Tools\MSVC\14.23.28105\include\algorithm(3466): message :             _Pr=bool (__cdecl *)(int,int)
C:\Program Files (x86)\Microsoft Visual Studio\2019\Community\VC\Tools\MSVC\14.23.28105\include\algorithm(3466): message :         ]
C:\Users\철짜\Desktop\ChulJJA\teamHackgo\DoubleCheck\Engine\View.cpp(79): message : see reference to function template instantiation 'void std::sort<std::_Vector_iterator<std::_Vector_val<std::_Simple_types<_Ty>>>,bool(__cdecl *)(int,int)>(const _RanIt,const _RanIt,_Pr)' being compiled
C:\Users\철짜\Desktop\ChulJJA\teamHackgo\DoubleCheck\Engine\View.cpp(79): message :         with
C:\Users\철짜\Desktop\ChulJJA\teamHackgo\DoubleCheck\Engine\View.cpp(79): message :         [
C:\Users\철짜\Desktop\ChulJJA\teamHackgo\DoubleCheck\Engine\View.cpp(79): message :             _Ty=float,
C:\Users\철짜\Desktop\ChulJJA\teamHackgo\DoubleCheck\Engine\View.cpp(79): message :             _RanIt=std::_Vector_iterator<std::_Vector_val<std::_Simple_types<float>>>,
C:\Users\철짜\Desktop\ChulJJA\teamHackgo\DoubleCheck\Engine\View.cpp(79): message :             _Pr=bool (__cdecl *)(int,int)
C:\Users\철짜\Desktop\ChulJJA\teamHackgo\DoubleCheck\Engine\View.cpp(79): message :         ]
C:\Program Files (x86)\Microsoft Visual Studio\2019\Community\VC\Tools\MSVC\14.23.28105\include\filesystem(2091): message : see reference to class template instantiation 'std::chrono::time_point<std::filesystem::_File_time_clock,std::filesystem::_File_time_clock::duration>' being compiled
C:\Program Files (x86)\Microsoft Visual Studio\2019\Community\VC\Tools\MSVC\14.23.28105\include\xstring(1764): message : see reference to class template instantiation 'std::basic_string_view<wchar_t,std::char_traits<wchar_t>>' being compiled
C:\Program Files (x86)\Microsoft Visual Studio\2019\Community\VC\Tools\MSVC\14.23.28105\include\algorithm(3376,101): warning C4244: 'argument': conversion from 'float' to 'int', possible loss of data
C:\Program Files (x86)\Microsoft Visual Studio\2019\Community\VC\Tools\MSVC\14.23.28105\include\algorithm(3376,91): warning C4244: 'argument': conversion from 'float' to 'int', possible loss of data
C:\Program Files (x86)\Microsoft Visual Studio\2019\Community\VC\Tools\MSVC\14.23.28105\include\algorithm(3380,31): warning C4244: 'argument': conversion from 'float' to 'int', possible loss of data
C:\Program Files (x86)\Microsoft Visual Studio\2019\Community\VC\Tools\MSVC\14.23.28105\include\algorithm(3380,92): warning C4244: 'argument': conversion from 'float' to 'int', possible loss of data
C:\Program Files (x86)\Microsoft Visual Studio\2019\Community\VC\Tools\MSVC\14.23.28105\include\algorithm(3380,82): warning C4244: 'argument': conversion from 'float' to 'int', possible loss of data
C:\Program Files (x86)\Microsoft Visual Studio\2019\Community\VC\Tools\MSVC\14.23.28105\include\algorithm(3389,17): warning C4244: 'argument': conversion from 'float' to 'int', possible loss of data
C:\Program Files (x86)\Microsoft Visual Studio\2019\Community\VC\Tools\MSVC\14.23.28105\include\algorithm(3390,40): warning C4244: 'argument': conversion from 'float' to 'int', possible loss of data
C:\Program Files (x86)\Microsoft Visual Studio\2019\Community\VC\Tools\MSVC\14.23.28105\include\algorithm(3390,30): warning C4244: 'argument': conversion from 'float' to 'int', possible loss of data
C:\Program Files (x86)\Microsoft Visual Studio\2019\Community\VC\Tools\MSVC\14.23.28105\include\algorithm(3401,17): warning C4244: 'argument': conversion from 'float' to 'int', possible loss of data
C:\Program Files (x86)\Microsoft Visual Studio\2019\Community\VC\Tools\MSVC\14.23.28105\include\algorithm(3402,40): warning C4244: 'argument': conversion from 'float' to 'int', possible loss of data
C:\Program Files (x86)\Microsoft Visual Studio\2019\Community\VC\Tools\MSVC\14.23.28105\include\algorithm(3402,30): warning C4244: 'argument': conversion from 'float' to 'int', possible loss of data
C:\Program Files (x86)\Microsoft Visual Studio\2019\Community\VC\Tools\MSVC\14.23.28105\include\algorithm(3321,17): warning C4244: 'argument': conversion from 'float' to 'int', possible loss of data
C:\Program Files (x86)\Microsoft Visual Studio\2019\Community\VC\Tools\MSVC\14.23.28105\include\algorithm(3457): message : see reference to function template instantiation '_BidIt *std::_Insertion_sort_unchecked<_RanIt,bool(__cdecl *)(int,int)>(_BidIt,const _BidIt,_Pr)' being compiled
C:\Program Files (x86)\Microsoft Visual Studio\2019\Community\VC\Tools\MSVC\14.23.28105\include\algorithm(3457): message :         with
C:\Program Files (x86)\Microsoft Visual Studio\2019\Community\VC\Tools\MSVC\14.23.28105\include\algorithm(3457): message :         [
C:\Program Files (x86)\Microsoft Visual Studio\2019\Community\VC\Tools\MSVC\14.23.28105\include\algorithm(3457): message :             _BidIt=float *,
C:\Program Files (x86)\Microsoft Visual Studio\2019\Community\VC\Tools\MSVC\14.23.28105\include\algorithm(3457): message :             _RanIt=float *,
C:\Program Files (x86)\Microsoft Visual Studio\2019\Community\VC\Tools\MSVC\14.23.28105\include\algorithm(3457): message :             _Pr=bool (__cdecl *)(int,int)
C:\Program Files (x86)\Microsoft Visual Studio\2019\Community\VC\Tools\MSVC\14.23.28105\include\algorithm(3457): message :         ]
C:\Program Files (x86)\Microsoft Visual Studio\2019\Community\VC\Tools\MSVC\14.23.28105\include\algorithm(3325,47): warning C4244: 'argument': conversion from 'float' to 'int', possible loss of data
C:\Program Files (x86)\Microsoft Visual Studio\2019\Community\VC\Tools\MSVC\14.23.28105\include\algorithm(2659,13): warning C4244: 'argument': conversion from 'float' to 'int', possible loss of data
C:\Program Files (x86)\Microsoft Visual Studio\2019\Community\VC\Tools\MSVC\14.23.28105\include\algorithm(2714): message : see reference to function template instantiation 'void std::_Pop_heap_hole_by_index<_RanIt,float,bool(__cdecl *)(int,int)>(_RanIt,int,int,_Ty &&,_Pr)' being compiled
C:\Program Files (x86)\Microsoft Visual Studio\2019\Community\VC\Tools\MSVC\14.23.28105\include\algorithm(2714): message :         with
C:\Program Files (x86)\Microsoft Visual Studio\2019\Community\VC\Tools\MSVC\14.23.28105\include\algorithm(2714): message :         [
C:\Program Files (x86)\Microsoft Visual Studio\2019\Community\VC\Tools\MSVC\14.23.28105\include\algorithm(2714): message :             _RanIt=float *,
C:\Program Files (x86)\Microsoft Visual Studio\2019\Community\VC\Tools\MSVC\14.23.28105\include\algorithm(2714): message :             _Ty=float,
C:\Program Files (x86)\Microsoft Visual Studio\2019\Community\VC\Tools\MSVC\14.23.28105\include\algorithm(2714): message :             _Pr=bool (__cdecl *)(int,int)
C:\Program Files (x86)\Microsoft Visual Studio\2019\Community\VC\Tools\MSVC\14.23.28105\include\algorithm(2714): message :         ]
C:\Program Files (x86)\Microsoft Visual Studio\2019\Community\VC\Tools\MSVC\14.23.28105\include\algorithm(3454): message : see reference to function template instantiation 'void std::_Make_heap_unchecked<_RanIt,bool(__cdecl *)(int,int)>(_RanIt,_RanIt,_Pr)' being compiled
C:\Program Files (x86)\Microsoft Visual Studio\2019\Community\VC\Tools\MSVC\14.23.28105\include\algorithm(3454): message :         with
C:\Program Files (x86)\Microsoft Visual Studio\2019\Community\VC\Tools\MSVC\14.23.28105\include\algorithm(3454): message :         [
C:\Program Files (x86)\Microsoft Visual Studio\2019\Community\VC\Tools\MSVC\14.23.28105\include\algorithm(3454): message :             _RanIt=float *,
C:\Program Files (x86)\Microsoft Visual Studio\2019\Community\VC\Tools\MSVC\14.23.28105\include\algorithm(3454): message :             _Pr=bool (__cdecl *)(int,int)
C:\Program Files (x86)\Microsoft Visual Studio\2019\Community\VC\Tools\MSVC\14.23.28105\include\algorithm(3454): message :         ]
C:\Program Files (x86)\Microsoft Visual Studio\2019\Community\VC\Tools\MSVC\14.23.28105\include\algorithm(3339,9): warning C4244: 'argument': conversion from 'float' to 'int', possible loss of data
C:\Program Files (x86)\Microsoft Visual Studio\2019\Community\VC\Tools\MSVC\14.23.28105\include\algorithm(3359): message : see reference to function template instantiation 'void std::_Med3_unchecked<_RanIt,bool(__cdecl *)(int,int)>(_RanIt,_RanIt,_RanIt,_Pr)' being compiled
C:\Program Files (x86)\Microsoft Visual Studio\2019\Community\VC\Tools\MSVC\14.23.28105\include\algorithm(3359): message :         with
C:\Program Files (x86)\Microsoft Visual Studio\2019\Community\VC\Tools\MSVC\14.23.28105\include\algorithm(3359): message :         [
C:\Program Files (x86)\Microsoft Visual Studio\2019\Community\VC\Tools\MSVC\14.23.28105\include\algorithm(3359): message :             _RanIt=float *,
C:\Program Files (x86)\Microsoft Visual Studio\2019\Community\VC\Tools\MSVC\14.23.28105\include\algorithm(3359): message :             _Pr=bool (__cdecl *)(int,int)
C:\Program Files (x86)\Microsoft Visual Studio\2019\Community\VC\Tools\MSVC\14.23.28105\include\algorithm(3359): message :         ]
C:\Program Files (x86)\Microsoft Visual Studio\2019\Community\VC\Tools\MSVC\14.23.28105\include\algorithm(3372): message : see reference to function template instantiation 'void std::_Guess_median_unchecked<_RanIt,bool(__cdecl *)(int,int)>(_RanIt,_RanIt,_RanIt,_Pr)' being compiled
C:\Program Files (x86)\Microsoft Visual Studio\2019\Community\VC\Tools\MSVC\14.23.28105\include\algorithm(3372): message :         with
C:\Program Files (x86)\Microsoft Visual Studio\2019\Community\VC\Tools\MSVC\14.23.28105\include\algorithm(3372): message :         [
C:\Program Files (x86)\Microsoft Visual Studio\2019\Community\VC\Tools\MSVC\14.23.28105\include\algorithm(3372): message :             _RanIt=float *,
C:\Program Files (x86)\Microsoft Visual Studio\2019\Community\VC\Tools\MSVC\14.23.28105\include\algorithm(3372): message :             _Pr=bool (__cdecl *)(int,int)
C:\Program Files (x86)\Microsoft Visual Studio\2019\Community\VC\Tools\MSVC\14.23.28105\include\algorithm(3372): message :         ]
C:\Program Files (x86)\Microsoft Visual Studio\2019\Community\VC\Tools\MSVC\14.23.28105\include\algorithm(3440): message : see reference to function template instantiation 'std::pair<_RanIt,_RanIt> std::_Partition_by_median_guess_unchecked<_RanIt,bool(__cdecl *)(int,int)>(_RanIt,_RanIt,_Pr)' being compiled
C:\Program Files (x86)\Microsoft Visual Studio\2019\Community\VC\Tools\MSVC\14.23.28105\include\algorithm(3440): message :         with
C:\Program Files (x86)\Microsoft Visual Studio\2019\Community\VC\Tools\MSVC\14.23.28105\include\algorithm(3440): message :         [
C:\Program Files (x86)\Microsoft Visual Studio\2019\Community\VC\Tools\MSVC\14.23.28105\include\algorithm(3440): message :             _RanIt=float *,
C:\Program Files (x86)\Microsoft Visual Studio\2019\Community\VC\Tools\MSVC\14.23.28105\include\algorithm(3440): message :             _Pr=bool (__cdecl *)(int,int)
C:\Program Files (x86)\Microsoft Visual Studio\2019\Community\VC\Tools\MSVC\14.23.28105\include\algorithm(3440): message :         ]
C:\Program Files (x86)\Microsoft Visual Studio\2019\Community\VC\Tools\MSVC\14.23.28105\include\algorithm(3343,9): warning C4244: 'argument': conversion from 'float' to 'int', possible loss of data
C:\Program Files (x86)\Microsoft Visual Studio\2019\Community\VC\Tools\MSVC\14.23.28105\include\algorithm(3346,13): warning C4244: 'argument': conversion from 'float' to 'int', possible loss of data
C:\Program Files (x86)\Microsoft Visual Studio\2019\Community\VC\Tools\MSVC\14.23.28105\include\algorithm(2616,26): warning C4244: 'argument': conversion from '_Ty' to 'int', possible loss of data
C:\Program Files (x86)\Microsoft Visual Studio\2019\Community\VC\Tools\MSVC\14.23.28105\include\algorithm(2616,26): warning C4244:         with
C:\Program Files (x86)\Microsoft Visual Studio\2019\Community\VC\Tools\MSVC\14.23.28105\include\algorithm(2616,26): warning C4244:         [
C:\Program Files (x86)\Microsoft Visual Studio\2019\Community\VC\Tools\MSVC\14.23.28105\include\algorithm(2616,26): warning C4244:             _Ty=float
C:\Program Files (x86)\Microsoft Visual Studio\2019\Community\VC\Tools\MSVC\14.23.28105\include\algorithm(2616,26): warning C4244:         ]
C:\Program Files (x86)\Microsoft Visual Studio\2019\Community\VC\Tools\MSVC\14.23.28105\include\algorithm(2671): message : see reference to function template instantiation 'void std::_Push_heap_by_index<_RanIt,float,bool(__cdecl *)(int,int)>(_RanIt,int,int,_Ty &&,_Pr)' being compiled
C:\Program Files (x86)\Microsoft Visual Studio\2019\Community\VC\Tools\MSVC\14.23.28105\include\algorithm(2671): message :         with
C:\Program Files (x86)\Microsoft Visual Studio\2019\Community\VC\Tools\MSVC\14.23.28105\include\algorithm(2671): message :         [
C:\Program Files (x86)\Microsoft Visual Studio\2019\Community\VC\Tools\MSVC\14.23.28105\include\algorithm(2671): message :             _RanIt=float *,
C:\Program Files (x86)\Microsoft Visual Studio\2019\Community\VC\Tools\MSVC\14.23.28105\include\algorithm(2671): message :             _Ty=float,
C:\Program Files (x86)\Microsoft Visual Studio\2019\Community\VC\Tools\MSVC\14.23.28105\include\algorithm(2671): message :             _Pr=bool (__cdecl *)(int,int)
C:\Program Files (x86)\Microsoft Visual Studio\2019\Community\VC\Tools\MSVC\14.23.28105\include\algorithm(2671): message :         ]
C:\Program Files (x86)\Microsoft Visual Studio\2019\Community\VC\Tools\MSVC\14.23.28105\include\algorithm(2714): message : see reference to function template instantiation 'void std::_Pop_heap_hole_by_index<_RanIt,float,bool(__cdecl *)(int,int)>(_RanIt,int,int,_Ty &&,_Pr)' being compiled
C:\Program Files (x86)\Microsoft Visual Studio\2019\Community\VC\Tools\MSVC\14.23.28105\include\algorithm(2714): message :         with
C:\Program Files (x86)\Microsoft Visual Studio\2019\Community\VC\Tools\MSVC\14.23.28105\include\algorithm(2714): message :         [
C:\Program Files (x86)\Microsoft Visual Studio\2019\Community\VC\Tools\MSVC\14.23.28105\include\algorithm(2714): message :             _RanIt=float *,
C:\Program Files (x86)\Microsoft Visual Studio\2019\Community\VC\Tools\MSVC\14.23.28105\include\algorithm(2714): message :             _Ty=float,
C:\Program Files (x86)\Microsoft Visual Studio\2019\Community\VC\Tools\MSVC\14.23.28105\include\algorithm(2714): message :             _Pr=bool (__cdecl *)(int,int)
C:\Program Files (x86)\Microsoft Visual Studio\2019\Community\VC\Tools\MSVC\14.23.28105\include\algorithm(2714): message :         ]
C:\Program Files (x86)\Microsoft Visual Studio\2019\Community\VC\Tools\MSVC\14.23.28105\include\algorithm(2616,26): warning C4244: 'argument': conversion from 'float' to 'int', possible loss of data
  Engine.vcxproj -> C:\Users\철짜\Desktop\ChulJJA\teamHackgo\DoubleCheck\Release\Engine.lib
